00000000000i[     ] Bochs x86 Emulator 2.6
00000000000i[     ]   Built from SVN snapshot on September 2nd, 2012
00000000000i[     ] System configuration
00000000000i[     ]   processors: 1 (cores=1, HT threads=1)
00000000000i[     ]   A20 line support: yes
00000000000i[     ]   load configurable MSRs from file "msrs.def"
00000000000i[     ] IPS is set to 50000000
00000000000i[     ] CPU configuration
00000000000i[     ]   level: 6
00000000000i[     ]   SMP support: no
00000000000i[     ]   APIC support: xapic
00000000000i[     ]   FPU support: yes
00000000000i[     ]   MMX support: yes
00000000000i[     ]   3dnow! support: no
00000000000i[     ]   SEP support: yes
00000000000i[     ]   SSE support: sse4_2
00000000000i[     ]   XSAVE support: xsave 
00000000000i[     ]   AES support: yes
00000000000i[     ]   MOVBE support: yes
00000000000i[     ]   ADX support: no
00000000000i[     ]   x86-64 support: yes
00000000000i[     ]   1G paging support: no
00000000000i[     ]   MWAIT support: yes
00000000000i[     ]   AVX support: no
00000000000i[     ]   VMX support: 1
00000000000i[     ] Optimization configuration
00000000000i[     ]   RepeatSpeedups support: yes
00000000000i[     ]   Fast function calls: yes
00000000000i[     ]   Handlers Chaining speedups: no
00000000000i[     ] Devices configuration
00000000000i[     ]   NE2000 support: yes
00000000000i[     ]   PCI support: yes, enabled=yes
00000000000i[     ]   SB16 support: yes
00000000000i[     ]   USB support: yes
00000000000i[     ]   VGA extension support: vbe cirrus
00000000000i[MEM0 ] allocated memory at 0x7f9714edc010. after alignment, vector=0x7f9714edd000
00000000000i[MEM0 ] 512.00MB
00000000000i[MEM0 ] mem block size = 0x00100000, blocks=512
00000000000i[MEM0 ] rom at 0xfffe0000/131072 ('/usr/share/bochs/BIOS-bochs-latest')
00000000000i[     ] lt_dlhandle is 0x4987bf0
00000000000i[PLGIN] loaded plugin libbx_hdimage.so
00000000000i[     ] lt_dlhandle is 0x4988580
00000000000i[PLGIN] loaded plugin libbx_pci.so
00000000000i[     ] lt_dlhandle is 0x4989100
00000000000i[PLGIN] loaded plugin libbx_pci2isa.so
00000000000i[     ] lt_dlhandle is 0x4989b10
00000000000i[PLGIN] loaded plugin libbx_acpi.so
00000000000i[     ] lt_dlhandle is 0x498a510
00000000000i[PLGIN] loaded plugin libbx_cmos.so
00000000000i[     ] lt_dlhandle is 0x498ae50
00000000000i[PLGIN] loaded plugin libbx_dma.so
00000000000i[     ] lt_dlhandle is 0x498b8e0
00000000000i[PLGIN] loaded plugin libbx_pic.so
00000000000i[     ] lt_dlhandle is 0x498c1a0
00000000000i[PLGIN] loaded plugin libbx_pit.so
00000000000i[     ] lt_dlhandle is 0x498cbd0
00000000000i[PLGIN] loaded plugin libbx_floppy.so
00000000000i[     ] lt_dlhandle is 0x498d7c0
00000000000i[PLGIN] loaded plugin libbx_vga.so
00000000000i[     ] lt_dlhandle is 0x498df50
00000000000i[PLGIN] loaded plugin libbx_ioapic.so
00000000000i[     ] lt_dlhandle is 0x498e990
00000000000i[PLGIN] loaded plugin libbx_keyboard.so
00000000000i[     ] lt_dlhandle is 0x498f230
00000000000i[PLGIN] loaded plugin libbx_harddrv.so
00000000000i[     ] lt_dlhandle is 0x49a1320
00000000000i[PLGIN] loaded plugin libbx_pci_ide.so
00000000000i[PLGIN] init_dev of 'pci' plugin device by virtual method
00000000000i[PCI  ] 440FX Host bridge present at device 0, function 0
00000000000i[PLGIN] init_dev of 'pci2isa' plugin device by virtual method
00000000000i[PCI  ] PIIX3 PCI-to-ISA bridge present at device 1, function 0
00000000000i[PLGIN] init_dev of 'cmos' plugin device by virtual method
00000000000i[CMOS ] Using local time for initial clock
00000000000i[CMOS ] Setting initial clock to: Wed Oct  4 23:56:07 2017 (time0=1507114567)
00000000000i[PLGIN] init_dev of 'dma' plugin device by virtual method
00000000000i[DMA  ] channel 4 used by cascade
00000000000i[PLGIN] init_dev of 'pic' plugin device by virtual method
00000000000i[PLGIN] init_dev of 'pit' plugin device by virtual method
00000000000i[PLGIN] init_dev of 'floppy' plugin device by virtual method
00000000000i[DMA  ] channel 2 used by Floppy Drive
00000000000i[FDD  ] fd0: './bin/bootloader/boot.iso' ro=0, h=2,t=80,spt=18
00000000000i[PLGIN] init_dev of 'vga' plugin device by virtual method
00000000000i[MEM0 ] Register memory access handlers: 0x00000000000a0000 - 0x00000000000bffff
00000000000i[VGA  ] interval=333333
00000000000i[MEM0 ] Register memory access handlers: 0x00000000e0000000 - 0x00000000e0ffffff
00000000000i[BXVGA] VBE Bochs Display Extension Enabled
00000000000i[XGUI ] test_alloc_colors: 16 colors available out of 16 colors tried
00000000000i[XGUI ] font 8 wide x 16 high, display depth = 24
00000000000i[MEM0 ] rom at 0xc0000/41472 ('/usr/share/bochs/VGABIOS-lgpl-latest')
00000000000i[PLGIN] init_dev of 'acpi' plugin device by virtual method
00000000000i[PCI  ] ACPI Controller present at device 1, function 3
00000000000i[PLGIN] init_dev of 'ioapic' plugin device by virtual method
00000000000i[IOAP ] initializing I/O APIC
00000000000i[MEM0 ] Register memory access handlers: 0x00000000fec00000 - 0x00000000fec00fff
00000000000i[PLGIN] init_dev of 'keyboard' plugin device by virtual method
00000000000i[KBD  ] will paste characters every 1000 keyboard ticks
00000000000i[PLGIN] init_dev of 'harddrv' plugin device by virtual method
00000000000i[HD   ] Using boot sequence cdrom, floppy, disk
00000000000i[HD   ] Floppy boot signature check is enabled
00000000000i[PLGIN] init_dev of 'pci_ide' plugin device by virtual method
00000000000i[PCI  ] PIIX3 PCI IDE controller present at device 1, function 1
00000000000i[PLGIN] init_dev of 'unmapped' plugin device by virtual method
00000000000i[PLGIN] init_dev of 'biosdev' plugin device by virtual method
00000000000i[PLGIN] init_dev of 'speaker' plugin device by virtual method
00000000000i[PLGIN] init_dev of 'extfpuirq' plugin device by virtual method
00000000000i[PLGIN] init_dev of 'parallel' plugin device by virtual method
00000000000i[PAR  ] parallel port 1 at 0x0378 irq 7
00000000000i[PLGIN] init_dev of 'serial' plugin device by virtual method
00000000000i[SER  ] com1 at 0x03f8 irq 4
00000000000i[PLGIN] init_dev of 'gameport' plugin device by virtual method
00000000000i[PLGIN] init_dev of 'iodebug' plugin device by virtual method
00000000000i[PLGIN] register state of 'pci' plugin device by virtual method
00000000000i[PLGIN] register state of 'pci2isa' plugin device by virtual method
00000000000i[PLGIN] register state of 'cmos' plugin device by virtual method
00000000000i[PLGIN] register state of 'dma' plugin device by virtual method
00000000000i[PLGIN] register state of 'pic' plugin device by virtual method
00000000000i[PLGIN] register state of 'pit' plugin device by virtual method
00000000000i[PLGIN] register state of 'floppy' plugin device by virtual method
00000000000i[PLGIN] register state of 'vga' plugin device by virtual method
00000000000i[PLGIN] register state of 'unmapped' plugin device by virtual method
00000000000i[PLGIN] register state of 'biosdev' plugin device by virtual method
00000000000i[PLGIN] register state of 'speaker' plugin device by virtual method
00000000000i[PLGIN] register state of 'extfpuirq' plugin device by virtual method
00000000000i[PLGIN] register state of 'parallel' plugin device by virtual method
00000000000i[PLGIN] register state of 'serial' plugin device by virtual method
00000000000i[PLGIN] register state of 'gameport' plugin device by virtual method
00000000000i[PLGIN] register state of 'iodebug' plugin device by virtual method
00000000000i[PLGIN] register state of 'acpi' plugin device by virtual method
00000000000i[PLGIN] register state of 'ioapic' plugin device by virtual method
00000000000i[PLGIN] register state of 'keyboard' plugin device by virtual method
00000000000i[PLGIN] register state of 'harddrv' plugin device by virtual method
00000000000i[PLGIN] register state of 'pci_ide' plugin device by virtual method
00000000000i[SYS  ] bx_pc_system_c::Reset(HARDWARE) called
00000000000i[CPU0 ] cpu hardware reset
00000000000i[APIC0] allocate APIC id=0 (MMIO enabled) to 0x00000000fee00000
00000000000i[CPU0 ] CPUID[0x00000000]: 00000002 756e6547 6c65746e 49656e69
00000000000i[CPU0 ] CPUID[0x00000001]: 00000635 00010800 06d8222b 1fcbfbff
00000000000i[CPU0 ] CPUID[0x00000002]: 00410601 00000000 00000000 00000000
00000000000i[CPU0 ] CPUID[0x80000000]: 80000008 00000000 00000000 00000000
00000000000i[CPU0 ] CPUID[0x80000001]: 00000000 00000000 00000101 2a100000
00000000000i[CPU0 ] CPUID[0x80000002]: 20202020 20202020 20202020 6e492020
00000000000i[CPU0 ] CPUID[0x80000003]: 286c6574 50202952 69746e65 52286d75
00000000000i[CPU0 ] CPUID[0x80000004]: 20342029 20555043 20202020 00202020
00000000000i[CPU0 ] CPUID[0x80000005]: 01ff01ff 01ff01ff 40020140 40020140
00000000000i[CPU0 ] CPUID[0x80000006]: 00000000 42004200 02008140 00000000
00000000000i[CPU0 ] CPUID[0x80000007]: 00000000 00000000 00000000 00000000
00000000000i[CPU0 ] CPUID[0x80000008]: 00003028 00000000 00000000 00000000
00000000000i[PLGIN] reset of 'pci' plugin device by virtual method
00000000000i[PLGIN] reset of 'pci2isa' plugin device by virtual method
00000000000i[PLGIN] reset of 'cmos' plugin device by virtual method
00000000000i[PLGIN] reset of 'dma' plugin device by virtual method
00000000000i[PLGIN] reset of 'pic' plugin device by virtual method
00000000000i[PLGIN] reset of 'pit' plugin device by virtual method
00000000000i[PLGIN] reset of 'floppy' plugin device by virtual method
00000000000i[PLGIN] reset of 'vga' plugin device by virtual method
00000000000i[PLGIN] reset of 'acpi' plugin device by virtual method
00000000000i[PLGIN] reset of 'ioapic' plugin device by virtual method
00000000000i[PLGIN] reset of 'keyboard' plugin device by virtual method
00000000000i[PLGIN] reset of 'harddrv' plugin device by virtual method
00000000000i[PLGIN] reset of 'pci_ide' plugin device by virtual method
00000000000i[PLGIN] reset of 'unmapped' plugin device by virtual method
00000000000i[PLGIN] reset of 'biosdev' plugin device by virtual method
00000000000i[PLGIN] reset of 'speaker' plugin device by virtual method
00000000000e[SPEAK] Failed to open /dev/console: Permission denied
00000000000e[SPEAK] Deactivating beep on console
00000000000i[PLGIN] reset of 'extfpuirq' plugin device by virtual method
00000000000i[PLGIN] reset of 'parallel' plugin device by virtual method
00000000000i[PLGIN] reset of 'serial' plugin device by virtual method
00000000000i[PLGIN] reset of 'gameport' plugin device by virtual method
00000000000i[PLGIN] reset of 'iodebug' plugin device by virtual method
00000000000i[XGUI ] Mouse capture off
00000000000i[     ] Using debugger log file ./logs/bochs.debug
00000000000i[     ] set SIGINT handler to bx_debug_ctrlc_handler
00000000000i[XGUI ] Mouse capture off
00000000025i[MEM0 ] allocate_block: block=0x0 used 0x1 of 0x100
00000004661i[BIOS ] $Revision: 11318 $ $Date: 2012-08-06 19:59:54 +0200 (Mo, 06. Aug 2012) $
00000337542i[KBD  ] reset-disable command received
00000363295i[BIOS ] Starting rombios32
00000363740i[BIOS ] Shutdown flag 0
00000364346i[BIOS ] ram_size=0x20000000
00000364799i[BIOS ] ram_end=512MB
00000860695i[BIOS ] Found 1 cpu(s)
00000874875i[BIOS ] bios_table_addr: 0x000fa438 end=0x000fcc00
00001202670i[PCI  ] 440FX PMC write to PAM register 59 (TLB Flush)
00001530602i[P2I  ] PCI IRQ routing: PIRQA# set to 0x0b
00001530626i[P2I  ] PCI IRQ routing: PIRQB# set to 0x09
00001530650i[P2I  ] PCI IRQ routing: PIRQC# set to 0x0b
00001530674i[P2I  ] PCI IRQ routing: PIRQD# set to 0x09
00001530684i[P2I  ] write: ELCR2 = 0x0a
00001531462i[BIOS ] PIIX3/PIIX4 init: elcr=00 0a
00001539147i[BIOS ] PCI: bus=0 devfn=0x00: vendor_id=0x8086 device_id=0x1237 class=0x0600
00001541431i[BIOS ] PCI: bus=0 devfn=0x08: vendor_id=0x8086 device_id=0x7000 class=0x0601
00001543554i[BIOS ] PCI: bus=0 devfn=0x09: vendor_id=0x8086 device_id=0x7010 class=0x0101
00001543783i[PIDE ] new BM-DMA address: 0xc000
00001544405i[BIOS ] region 4: 0x0000c000
00001546446i[BIOS ] PCI: bus=0 devfn=0x0b: vendor_id=0x8086 device_id=0x7113 class=0x0680
00001546676i[ACPI ] new irq line = 11
00001546690i[ACPI ] new irq line = 9
00001546717i[ACPI ] new PM base address: 0xb000
00001546731i[ACPI ] new SM base address: 0xb100
00001546759i[PCI  ] setting SMRAM control register to 0x4a
00001710853i[CPU0 ] Enter to System Management Mode
00001710853i[CPU0 ] enter_system_management_mode: temporary disable VMX while in SMM mode
00001710863i[CPU0 ] RSM: Resuming from System Management Mode
00001874884i[PCI  ] setting SMRAM control register to 0x0a
00001889778i[BIOS ] MP table addr=0x000fa510 MPC table addr=0x000fa440 size=0xc8
00001891601i[BIOS ] SMBIOS table addr=0x000fa520
00001891655i[MEM0 ] allocate_block: block=0x1ff used 0x2 of 0x100
00001894604i[BIOS ] Firmware waking vector 0x1fff00cc
00001899473i[BIOS ] ACPI tables: RSDP addr=0x000fa640 ACPI DATA addr=0x1fff0000 size=0x1f22
00001899510i[PCI  ] 440FX PMC write to PAM register 59 (TLB Flush)
00001900241i[BIOS ] bios_table_cur_addr: 0x000fa664
00002027859i[VBIOS] VGABios $Id: vgabios.c,v 1.75 2011/10/15 14:07:21 vruppert Exp $
00002027930i[BXVGA] VBE known Display Interface b0c0
00002027962i[BXVGA] VBE known Display Interface b0c5
00002030887i[VBIOS] VBE Bios $Id: vbe.c,v 1.64 2011/07/19 18:25:05 vruppert Exp $
00016666650i[XGUI ] charmap update. Font Height is 16
00151093268i[BIOS ] CDROM boot failure code : 0002
00153304902i[BIOS ] Booting from 0000:7c00
00165550401i[MEM0 ] allocate_block: block=0x1 used 0x3 of 0x100
00165551090e[CPU0 ] interrupt(): gate.type(9) != {5,6,7,14,15}
00165551090e[CPU0 ] interrupt(): gate descriptor is not valid sys seg (vector=0x0d)
00165551090e[CPU0 ] interrupt(): gate descriptor is not valid sys seg (vector=0x08)
00165551090i[CPU0 ] CPU is in protected mode (active)
00165551090i[CPU0 ] CS.mode = 32 bit
00165551090i[CPU0 ] SS.mode = 32 bit
00165551090i[CPU0 ] EFER   = 0x00000000
00165551090i[CPU0 ] | EAX=00002c88  EBX=00000000  ECX=00090000  EDX=000000ff
00165551090i[CPU0 ] | ESP=0008ffff  EBP=00090000  ESI=000e0598  EDI=0000ffac
00165551090i[CPU0 ] | IOPL=0 id vip vif ac vm RF nt of df if tf sf zf AF PF cf
00165551090i[CPU0 ] | SEG sltr(index|ti|rpl)     base    limit G D
00165551090i[CPU0 ] |  CS:0008( 0001| 0|  0) 00000000 ffffffff 1 1
00165551090i[CPU0 ] |  DS:0010( 0002| 0|  0) 00000000 ffffffff 1 1
00165551090i[CPU0 ] |  SS:0010( 0002| 0|  0) 00000000 ffffffff 1 1
00165551090i[CPU0 ] |  ES:0000( 0000| 0|  0) 00000000 00000000 0 0
00165551090i[CPU0 ] |  FS:0010( 0002| 0|  0) 00000000 ffffffff 1 1
00165551090i[CPU0 ] |  GS:0010( 0002| 0|  0) 00000000 ffffffff 1 1
00165551090i[CPU0 ] | EIP=68000020 (68000020)
00165551090i[CPU0 ] | CR0=0x60000011 CR2=0x00000000
00165551090i[CPU0 ] | CR3=0x00000000 CR4=0x00000000
00165551090p[CPU0 ] >>PANIC<< exception(): 3rd (13) exception with no resolution
00165551090e[CPU0 ] WARNING: Any simulation after this point is completely bogus !
00165551090p[CPU0 ] >>PANIC<< Entering to shutdown state still not implemented
00165551091i[XGUI ] Mouse capture off
00165551091i[XGUI ] Mouse capture off
00165551091i[     ] Ctrl-C detected in signal handler.
00165551091i[     ] dbg: Quit
00165551091i[CPU0 ] CPU is in protected mode (halted)
00165551091i[CPU0 ] CS.mode = 32 bit
00165551091i[CPU0 ] SS.mode = 32 bit
00165551091i[CPU0 ] EFER   = 0x00000000
00165551091i[CPU0 ] | EAX=00002c88  EBX=00000000  ECX=00090000  EDX=000000ff
00165551091i[CPU0 ] | ESP=0008ffff  EBP=00090000  ESI=000e0598  EDI=0000ffac
00165551091i[CPU0 ] | IOPL=0 id vip vif ac vm RF nt of df if tf sf zf AF PF cf
00165551091i[CPU0 ] | SEG sltr(index|ti|rpl)     base    limit G D
00165551091i[CPU0 ] |  CS:0008( 0001| 0|  0) 00000000 ffffffff 1 1
00165551091i[CPU0 ] |  DS:0010( 0002| 0|  0) 00000000 ffffffff 1 1
00165551091i[CPU0 ] |  SS:0010( 0002| 0|  0) 00000000 ffffffff 1 1
00165551091i[CPU0 ] |  ES:0000( 0000| 0|  0) 00000000 00000000 0 0
00165551091i[CPU0 ] |  FS:0010( 0002| 0|  0) 00000000 ffffffff 1 1
00165551091i[CPU0 ] |  GS:0010( 0002| 0|  0) 00000000 ffffffff 1 1
00165551091i[CPU0 ] | EIP=68000020 (68000020)
00165551091i[CPU0 ] | CR0=0x60000011 CR2=0x00000000
00165551091i[CPU0 ] | CR3=0x00000000 CR4=0x00000000
00165551091i[CMOS ] Last time is 1507114570 (Wed Oct  4 23:56:10 2017)
00165551091i[XGUI ] Exit
00165551091i[CTRL ] quit_sim called with exit code 0
